
*** Running vivado
    with args -log Input_module.vds -m64 -product Vivado -mode batch -messageDb vivado.pb -notrace -source Input_module.tcl


****** Vivado v2019.2 (64-bit)
  **** SW Build 2708876 on Wed Nov  6 21:40:23 MST 2019
  **** IP Build 2700528 on Thu Nov  7 00:09:20 MST 2019
    ** Copyright 1986-2019 Xilinx, Inc. All Rights Reserved.

source Input_module.tcl -notrace
Command: synth_design -top Input_module -part xc7a100tcsg324-1
Starting synth_design
Attempting to get a license for feature 'Synthesis' and/or device 'xc7a100t'
INFO: [Common 17-349] Got license for feature 'Synthesis' and/or device 'xc7a100t'
INFO: [Device 21-403] Loading part xc7a100tcsg324-1
INFO: Launching helper process for spawning children vivado processes
INFO: Helper process launched with PID 12920 
---------------------------------------------------------------------------------
Starting RTL Elaboration : Time (s): cpu = 00:00:05 ; elapsed = 00:00:05 . Memory (MB): peak = 874.855 ; gain = 235.629
---------------------------------------------------------------------------------
INFO: [Synth 8-6157] synthesizing module 'Input_module' [C:/Users/reese/OneDrive/Documents/University/EEE4120F/YODA_V2/YODA_V2.srcs/sources_1/imports/Input_module.v:23]
	Parameter DISP_WIDTH bound to: 16 - type: integer 
	Parameter ADDR_WIDTH bound to: 16 - type: integer 
INFO: [Synth 8-6157] synthesizing module 'DebounceBTN' [C:/Users/reese/OneDrive/Documents/University/EEE4120F/YODA_V2/YODA_V2.srcs/sources_1/imports/sources_1/imports/new/Debounce.v:21]
INFO: [Synth 8-6155] done synthesizing module 'DebounceBTN' (1#1) [C:/Users/reese/OneDrive/Documents/University/EEE4120F/YODA_V2/YODA_V2.srcs/sources_1/imports/sources_1/imports/new/Debounce.v:21]
INFO: [Synth 8-6157] synthesizing module 'PWM' [C:/Users/reese/OneDrive/Documents/University/EEE4120F/YODA_V2/YODA_V2.srcs/sources_1/imports/sources/PWM.v:3]
INFO: [Synth 8-6155] done synthesizing module 'PWM' (2#1) [C:/Users/reese/OneDrive/Documents/University/EEE4120F/YODA_V2/YODA_V2.srcs/sources_1/imports/sources/PWM.v:3]
INFO: [Synth 8-6157] synthesizing module 'DisplayDriver' [C:/Users/reese/OneDrive/Documents/University/EEE4120F/YODA_V2/YODA_V2.srcs/sources_1/new/DisplayDriver.v:23]
INFO: [Synth 8-6157] synthesizing module 'BCD_Decoder' [C:/Users/reese/OneDrive/Documents/University/EEE4120F/YODA_V2/YODA_V2.srcs/sources_1/imports/sources/BCD_Decoder.v:2]
INFO: [Synth 8-226] default block is never used [C:/Users/reese/OneDrive/Documents/University/EEE4120F/YODA_V2/YODA_V2.srcs/sources_1/imports/sources/BCD_Decoder.v:11]
INFO: [Synth 8-6155] done synthesizing module 'BCD_Decoder' (3#1) [C:/Users/reese/OneDrive/Documents/University/EEE4120F/YODA_V2/YODA_V2.srcs/sources_1/imports/sources/BCD_Decoder.v:2]
INFO: [Synth 8-6155] done synthesizing module 'DisplayDriver' (4#1) [C:/Users/reese/OneDrive/Documents/University/EEE4120F/YODA_V2/YODA_V2.srcs/sources_1/new/DisplayDriver.v:23]
INFO: [Synth 8-6157] synthesizing module 'SW_Decoder' [C:/Users/reese/OneDrive/Documents/University/EEE4120F/YODA_V2/YODA_V2.srcs/sources_1/new/SW_to_BCD.v:2]
INFO: [Synth 8-6155] done synthesizing module 'SW_Decoder' (5#1) [C:/Users/reese/OneDrive/Documents/University/EEE4120F/YODA_V2/YODA_V2.srcs/sources_1/new/SW_to_BCD.v:2]
INFO: [Synth 8-6157] synthesizing module 'PSA' [C:/Users/reese/OneDrive/Documents/University/EEE4120F/YODA_V2/YODA_V2.srcs/sources_1/imports/sources/PSA.v:3]
	Parameter DATA_WIDTH bound to: 8 - type: integer 
	Parameter ADDR_WIDTH bound to: 8 - type: integer 
	Parameter RAM_DEPTH bound to: 256 - type: integer 
WARNING: [Synth 8-2898] ignoring malformed $readmem task: invalid memory name [C:/Users/reese/OneDrive/Documents/University/EEE4120F/YODA_V2/YODA_V2.srcs/sources_1/imports/sources/PSA.v:50]
INFO: [Synth 8-6157] synthesizing module 'slow_clk' [C:/Users/reese/OneDrive/Documents/University/EEE4120F/YODA_V2/YODA_V2.srcs/sources_1/imports/sources/slow_clk.v:3]
INFO: [Synth 8-6155] done synthesizing module 'slow_clk' (6#1) [C:/Users/reese/OneDrive/Documents/University/EEE4120F/YODA_V2/YODA_V2.srcs/sources_1/imports/sources/slow_clk.v:3]
INFO: [Synth 8-251] RESET = 1'b1: Insert inputs -->
 [C:/Users/reese/OneDrive/Documents/University/EEE4120F/YODA_V2/YODA_V2.srcs/sources_1/imports/sources/PSA.v:64]
INFO: [Synth 8-251] P: x  PL: x B: x BL: x
 [C:/Users/reese/OneDrive/Documents/University/EEE4120F/YODA_V2/YODA_V2.srcs/sources_1/imports/sources/PSA.v:67]
INFO: [Synth 8-251] RESET = 1'b0: Perform PSA -->
 [C:/Users/reese/OneDrive/Documents/University/EEE4120F/YODA_V2/YODA_V2.srcs/sources_1/imports/sources/PSA.v:71]
INFO: [Synth 8-251] Compare -> block value [j = 0] = xx : pattern value = xx [C:/Users/reese/OneDrive/Documents/University/EEE4120F/YODA_V2/YODA_V2.srcs/sources_1/imports/sources/PSA.v:92]
INFO: [Synth 8-251] we've found match, alert user [C:/Users/reese/OneDrive/Documents/University/EEE4120F/YODA_V2/YODA_V2.srcs/sources_1/imports/sources/PSA.v:96]
INFO: [Synth 8-251] Compare -> block value [j = 1] = xx : pattern value = xx [C:/Users/reese/OneDrive/Documents/University/EEE4120F/YODA_V2/YODA_V2.srcs/sources_1/imports/sources/PSA.v:92]
INFO: [Synth 8-251] we've found match, alert user [C:/Users/reese/OneDrive/Documents/University/EEE4120F/YODA_V2/YODA_V2.srcs/sources_1/imports/sources/PSA.v:96]
INFO: [Synth 8-251] Compare -> block value [j = 2] = xx : pattern value = xx [C:/Users/reese/OneDrive/Documents/University/EEE4120F/YODA_V2/YODA_V2.srcs/sources_1/imports/sources/PSA.v:92]
INFO: [Synth 8-251] we've found match, alert user [C:/Users/reese/OneDrive/Documents/University/EEE4120F/YODA_V2/YODA_V2.srcs/sources_1/imports/sources/PSA.v:96]
INFO: [Synth 8-251] Compare -> block value [j = 3] = xx : pattern value = xx [C:/Users/reese/OneDrive/Documents/University/EEE4120F/YODA_V2/YODA_V2.srcs/sources_1/imports/sources/PSA.v:92]
INFO: [Synth 8-251] we've found match, alert user [C:/Users/reese/OneDrive/Documents/University/EEE4120F/YODA_V2/YODA_V2.srcs/sources_1/imports/sources/PSA.v:96]
INFO: [Synth 8-251] Compare -> block value [j = 4] = xx : pattern value = xx [C:/Users/reese/OneDrive/Documents/University/EEE4120F/YODA_V2/YODA_V2.srcs/sources_1/imports/sources/PSA.v:92]
INFO: [Synth 8-251] we've found match, alert user [C:/Users/reese/OneDrive/Documents/University/EEE4120F/YODA_V2/YODA_V2.srcs/sources_1/imports/sources/PSA.v:96]
INFO: [Synth 8-251] Compare -> block value [j = 5] = xx : pattern value = xx [C:/Users/reese/OneDrive/Documents/University/EEE4120F/YODA_V2/YODA_V2.srcs/sources_1/imports/sources/PSA.v:92]
INFO: [Synth 8-251] we've found match, alert user [C:/Users/reese/OneDrive/Documents/University/EEE4120F/YODA_V2/YODA_V2.srcs/sources_1/imports/sources/PSA.v:96]
INFO: [Synth 8-251] Compare -> block value [j = 6] = xx : pattern value = xx [C:/Users/reese/OneDrive/Documents/University/EEE4120F/YODA_V2/YODA_V2.srcs/sources_1/imports/sources/PSA.v:92]
INFO: [Synth 8-251] we've found match, alert user [C:/Users/reese/OneDrive/Documents/University/EEE4120F/YODA_V2/YODA_V2.srcs/sources_1/imports/sources/PSA.v:96]
INFO: [Synth 8-251] Compare -> block value [j = 7] = xx : pattern value = xx [C:/Users/reese/OneDrive/Documents/University/EEE4120F/YODA_V2/YODA_V2.srcs/sources_1/imports/sources/PSA.v:92]
INFO: [Synth 8-251] we've found match, alert user [C:/Users/reese/OneDrive/Documents/University/EEE4120F/YODA_V2/YODA_V2.srcs/sources_1/imports/sources/PSA.v:96]
INFO: [Synth 8-251] Compare -> block value [j = 8] = xx : pattern value = xx [C:/Users/reese/OneDrive/Documents/University/EEE4120F/YODA_V2/YODA_V2.srcs/sources_1/imports/sources/PSA.v:92]
INFO: [Synth 8-251] we've found match, alert user [C:/Users/reese/OneDrive/Documents/University/EEE4120F/YODA_V2/YODA_V2.srcs/sources_1/imports/sources/PSA.v:96]
INFO: [Synth 8-251] Compare -> block value [j = 9] = xx : pattern value = xx [C:/Users/reese/OneDrive/Documents/University/EEE4120F/YODA_V2/YODA_V2.srcs/sources_1/imports/sources/PSA.v:92]
INFO: [Synth 8-251] we've found match, alert user [C:/Users/reese/OneDrive/Documents/University/EEE4120F/YODA_V2/YODA_V2.srcs/sources_1/imports/sources/PSA.v:96]
INFO: [Synth 8-251] Compare -> block value [j = 10] = xx : pattern value = xx [C:/Users/reese/OneDrive/Documents/University/EEE4120F/YODA_V2/YODA_V2.srcs/sources_1/imports/sources/PSA.v:92]
INFO: [Synth 8-251] we've found match, alert user [C:/Users/reese/OneDrive/Documents/University/EEE4120F/YODA_V2/YODA_V2.srcs/sources_1/imports/sources/PSA.v:96]
INFO: [Synth 8-251] Compare -> block value [j = 11] = xx : pattern value = xx [C:/Users/reese/OneDrive/Documents/University/EEE4120F/YODA_V2/YODA_V2.srcs/sources_1/imports/sources/PSA.v:92]
INFO: [Synth 8-251] we've found match, alert user [C:/Users/reese/OneDrive/Documents/University/EEE4120F/YODA_V2/YODA_V2.srcs/sources_1/imports/sources/PSA.v:96]
INFO: [Synth 8-251] Compare -> block value [j = 12] = xx : pattern value = xx [C:/Users/reese/OneDrive/Documents/University/EEE4120F/YODA_V2/YODA_V2.srcs/sources_1/imports/sources/PSA.v:92]
INFO: [Synth 8-251] we've found match, alert user [C:/Users/reese/OneDrive/Documents/University/EEE4120F/YODA_V2/YODA_V2.srcs/sources_1/imports/sources/PSA.v:96]
INFO: [Synth 8-251] Compare -> block value [j = 13] = xx : pattern value = xx [C:/Users/reese/OneDrive/Documents/University/EEE4120F/YODA_V2/YODA_V2.srcs/sources_1/imports/sources/PSA.v:92]
INFO: [Synth 8-251] we've found match, alert user [C:/Users/reese/OneDrive/Documents/University/EEE4120F/YODA_V2/YODA_V2.srcs/sources_1/imports/sources/PSA.v:96]
INFO: [Synth 8-251] Compare -> block value [j = 14] = xx : pattern value = xx [C:/Users/reese/OneDrive/Documents/University/EEE4120F/YODA_V2/YODA_V2.srcs/sources_1/imports/sources/PSA.v:92]
INFO: [Synth 8-251] we've found match, alert user [C:/Users/reese/OneDrive/Documents/University/EEE4120F/YODA_V2/YODA_V2.srcs/sources_1/imports/sources/PSA.v:96]
INFO: [Synth 8-251] Compare -> block value [j = 15] = xx : pattern value = xx [C:/Users/reese/OneDrive/Documents/University/EEE4120F/YODA_V2/YODA_V2.srcs/sources_1/imports/sources/PSA.v:92]
INFO: [Synth 8-251] we've found match, alert user [C:/Users/reese/OneDrive/Documents/University/EEE4120F/YODA_V2/YODA_V2.srcs/sources_1/imports/sources/PSA.v:96]
INFO: [Synth 8-251] Compare -> block value [j = 16] = xx : pattern value = xx [C:/Users/reese/OneDrive/Documents/University/EEE4120F/YODA_V2/YODA_V2.srcs/sources_1/imports/sources/PSA.v:92]
INFO: [Synth 8-251] we've found match, alert user [C:/Users/reese/OneDrive/Documents/University/EEE4120F/YODA_V2/YODA_V2.srcs/sources_1/imports/sources/PSA.v:96]
INFO: [Synth 8-251] Compare -> block value [j = 17] = xx : pattern value = xx [C:/Users/reese/OneDrive/Documents/University/EEE4120F/YODA_V2/YODA_V2.srcs/sources_1/imports/sources/PSA.v:92]
INFO: [Synth 8-251] we've found match, alert user [C:/Users/reese/OneDrive/Documents/University/EEE4120F/YODA_V2/YODA_V2.srcs/sources_1/imports/sources/PSA.v:96]
INFO: [Synth 8-251] Compare -> block value [j = 18] = xx : pattern value = xx [C:/Users/reese/OneDrive/Documents/University/EEE4120F/YODA_V2/YODA_V2.srcs/sources_1/imports/sources/PSA.v:92]
INFO: [Synth 8-251] we've found match, alert user [C:/Users/reese/OneDrive/Documents/University/EEE4120F/YODA_V2/YODA_V2.srcs/sources_1/imports/sources/PSA.v:96]
INFO: [Synth 8-251] Compare -> block value [j = 19] = xx : pattern value = xx [C:/Users/reese/OneDrive/Documents/University/EEE4120F/YODA_V2/YODA_V2.srcs/sources_1/imports/sources/PSA.v:92]
INFO: [Synth 8-251] we've found match, alert user [C:/Users/reese/OneDrive/Documents/University/EEE4120F/YODA_V2/YODA_V2.srcs/sources_1/imports/sources/PSA.v:96]
INFO: [Synth 8-251] Compare -> block value [j = 20] = xx : pattern value = xx [C:/Users/reese/OneDrive/Documents/University/EEE4120F/YODA_V2/YODA_V2.srcs/sources_1/imports/sources/PSA.v:92]
INFO: [Synth 8-251] we've found match, alert user [C:/Users/reese/OneDrive/Documents/University/EEE4120F/YODA_V2/YODA_V2.srcs/sources_1/imports/sources/PSA.v:96]
INFO: [Synth 8-251] Compare -> block value [j = 21] = xx : pattern value = xx [C:/Users/reese/OneDrive/Documents/University/EEE4120F/YODA_V2/YODA_V2.srcs/sources_1/imports/sources/PSA.v:92]
INFO: [Synth 8-251] we've found match, alert user [C:/Users/reese/OneDrive/Documents/University/EEE4120F/YODA_V2/YODA_V2.srcs/sources_1/imports/sources/PSA.v:96]
INFO: [Synth 8-251] Compare -> block value [j = 22] = xx : pattern value = xx [C:/Users/reese/OneDrive/Documents/University/EEE4120F/YODA_V2/YODA_V2.srcs/sources_1/imports/sources/PSA.v:92]
INFO: [Synth 8-251] we've found match, alert user [C:/Users/reese/OneDrive/Documents/University/EEE4120F/YODA_V2/YODA_V2.srcs/sources_1/imports/sources/PSA.v:96]
INFO: [Synth 8-251] Compare -> block value [j = 23] = xx : pattern value = xx [C:/Users/reese/OneDrive/Documents/University/EEE4120F/YODA_V2/YODA_V2.srcs/sources_1/imports/sources/PSA.v:92]
INFO: [Synth 8-251] we've found match, alert user [C:/Users/reese/OneDrive/Documents/University/EEE4120F/YODA_V2/YODA_V2.srcs/sources_1/imports/sources/PSA.v:96]
INFO: [Synth 8-251] Compare -> block value [j = 24] = xx : pattern value = xx [C:/Users/reese/OneDrive/Documents/University/EEE4120F/YODA_V2/YODA_V2.srcs/sources_1/imports/sources/PSA.v:92]
INFO: [Synth 8-251] we've found match, alert user [C:/Users/reese/OneDrive/Documents/University/EEE4120F/YODA_V2/YODA_V2.srcs/sources_1/imports/sources/PSA.v:96]
INFO: [Synth 8-251] Compare -> block value [j = 25] = xx : pattern value = xx [C:/Users/reese/OneDrive/Documents/University/EEE4120F/YODA_V2/YODA_V2.srcs/sources_1/imports/sources/PSA.v:92]
INFO: [Synth 8-251] we've found match, alert user [C:/Users/reese/OneDrive/Documents/University/EEE4120F/YODA_V2/YODA_V2.srcs/sources_1/imports/sources/PSA.v:96]
INFO: [Synth 8-251] Compare -> block value [j = 26] = xx : pattern value = xx [C:/Users/reese/OneDrive/Documents/University/EEE4120F/YODA_V2/YODA_V2.srcs/sources_1/imports/sources/PSA.v:92]
INFO: [Synth 8-251] we've found match, alert user [C:/Users/reese/OneDrive/Documents/University/EEE4120F/YODA_V2/YODA_V2.srcs/sources_1/imports/sources/PSA.v:96]
INFO: [Synth 8-251] Compare -> block value [j = 27] = xx : pattern value = xx [C:/Users/reese/OneDrive/Documents/University/EEE4120F/YODA_V2/YODA_V2.srcs/sources_1/imports/sources/PSA.v:92]
INFO: [Synth 8-251] we've found match, alert user [C:/Users/reese/OneDrive/Documents/University/EEE4120F/YODA_V2/YODA_V2.srcs/sources_1/imports/sources/PSA.v:96]
INFO: [Synth 8-251] Compare -> block value [j = 28] = xx : pattern value = xx [C:/Users/reese/OneDrive/Documents/University/EEE4120F/YODA_V2/YODA_V2.srcs/sources_1/imports/sources/PSA.v:92]
INFO: [Synth 8-251] we've found match, alert user [C:/Users/reese/OneDrive/Documents/University/EEE4120F/YODA_V2/YODA_V2.srcs/sources_1/imports/sources/PSA.v:96]
INFO: [Synth 8-251] Compare -> block value [j = 29] = xx : pattern value = xx [C:/Users/reese/OneDrive/Documents/University/EEE4120F/YODA_V2/YODA_V2.srcs/sources_1/imports/sources/PSA.v:92]
INFO: [Synth 8-251] we've found match, alert user [C:/Users/reese/OneDrive/Documents/University/EEE4120F/YODA_V2/YODA_V2.srcs/sources_1/imports/sources/PSA.v:96]
INFO: [Synth 8-251] Compare -> block value [j = 30] = xx : pattern value = xx [C:/Users/reese/OneDrive/Documents/University/EEE4120F/YODA_V2/YODA_V2.srcs/sources_1/imports/sources/PSA.v:92]
INFO: [Synth 8-251] we've found match, alert user [C:/Users/reese/OneDrive/Documents/University/EEE4120F/YODA_V2/YODA_V2.srcs/sources_1/imports/sources/PSA.v:96]
INFO: [Synth 8-251] Compare -> block value [j = 31] = xx : pattern value = xx [C:/Users/reese/OneDrive/Documents/University/EEE4120F/YODA_V2/YODA_V2.srcs/sources_1/imports/sources/PSA.v:92]
INFO: [Synth 8-251] we've found match, alert user [C:/Users/reese/OneDrive/Documents/University/EEE4120F/YODA_V2/YODA_V2.srcs/sources_1/imports/sources/PSA.v:96]
INFO: [Synth 8-251] Compare -> block value [j = 32] = xx : pattern value = xx [C:/Users/reese/OneDrive/Documents/University/EEE4120F/YODA_V2/YODA_V2.srcs/sources_1/imports/sources/PSA.v:92]
INFO: [Synth 8-251] we've found match, alert user [C:/Users/reese/OneDrive/Documents/University/EEE4120F/YODA_V2/YODA_V2.srcs/sources_1/imports/sources/PSA.v:96]
INFO: [Synth 8-251] Compare -> block value [j = 33] = xx : pattern value = xx [C:/Users/reese/OneDrive/Documents/University/EEE4120F/YODA_V2/YODA_V2.srcs/sources_1/imports/sources/PSA.v:92]
INFO: [Synth 8-251] we've found match, alert user [C:/Users/reese/OneDrive/Documents/University/EEE4120F/YODA_V2/YODA_V2.srcs/sources_1/imports/sources/PSA.v:96]
INFO: [Synth 8-251] Compare -> block value [j = 34] = xx : pattern value = xx [C:/Users/reese/OneDrive/Documents/University/EEE4120F/YODA_V2/YODA_V2.srcs/sources_1/imports/sources/PSA.v:92]
INFO: [Synth 8-251] we've found match, alert user [C:/Users/reese/OneDrive/Documents/University/EEE4120F/YODA_V2/YODA_V2.srcs/sources_1/imports/sources/PSA.v:96]
INFO: [Synth 8-251] Compare -> block value [j = 35] = xx : pattern value = xx [C:/Users/reese/OneDrive/Documents/University/EEE4120F/YODA_V2/YODA_V2.srcs/sources_1/imports/sources/PSA.v:92]
INFO: [Synth 8-251] we've found match, alert user [C:/Users/reese/OneDrive/Documents/University/EEE4120F/YODA_V2/YODA_V2.srcs/sources_1/imports/sources/PSA.v:96]
INFO: [Synth 8-251] Compare -> block value [j = 36] = xx : pattern value = xx [C:/Users/reese/OneDrive/Documents/University/EEE4120F/YODA_V2/YODA_V2.srcs/sources_1/imports/sources/PSA.v:92]
INFO: [Synth 8-251] we've found match, alert user [C:/Users/reese/OneDrive/Documents/University/EEE4120F/YODA_V2/YODA_V2.srcs/sources_1/imports/sources/PSA.v:96]
INFO: [Synth 8-251] Compare -> block value [j = 37] = xx : pattern value = xx [C:/Users/reese/OneDrive/Documents/University/EEE4120F/YODA_V2/YODA_V2.srcs/sources_1/imports/sources/PSA.v:92]
INFO: [Synth 8-251] we've found match, alert user [C:/Users/reese/OneDrive/Documents/University/EEE4120F/YODA_V2/YODA_V2.srcs/sources_1/imports/sources/PSA.v:96]
INFO: [Synth 8-251] Compare -> block value [j = 38] = xx : pattern value = xx [C:/Users/reese/OneDrive/Documents/University/EEE4120F/YODA_V2/YODA_V2.srcs/sources_1/imports/sources/PSA.v:92]
INFO: [Synth 8-251] we've found match, alert user [C:/Users/reese/OneDrive/Documents/University/EEE4120F/YODA_V2/YODA_V2.srcs/sources_1/imports/sources/PSA.v:96]
INFO: [Synth 8-251] Compare -> block value [j = 39] = xx : pattern value = xx [C:/Users/reese/OneDrive/Documents/University/EEE4120F/YODA_V2/YODA_V2.srcs/sources_1/imports/sources/PSA.v:92]
INFO: [Synth 8-251] we've found match, alert user [C:/Users/reese/OneDrive/Documents/University/EEE4120F/YODA_V2/YODA_V2.srcs/sources_1/imports/sources/PSA.v:96]
INFO: [Synth 8-251] Compare -> block value [j = 40] = xx : pattern value = xx [C:/Users/reese/OneDrive/Documents/University/EEE4120F/YODA_V2/YODA_V2.srcs/sources_1/imports/sources/PSA.v:92]
INFO: [Synth 8-251] we've found match, alert user [C:/Users/reese/OneDrive/Documents/University/EEE4120F/YODA_V2/YODA_V2.srcs/sources_1/imports/sources/PSA.v:96]
INFO: [Synth 8-251] Compare -> block value [j = 41] = xx : pattern value = xx [C:/Users/reese/OneDrive/Documents/University/EEE4120F/YODA_V2/YODA_V2.srcs/sources_1/imports/sources/PSA.v:92]
INFO: [Synth 8-251] we've found match, alert user [C:/Users/reese/OneDrive/Documents/University/EEE4120F/YODA_V2/YODA_V2.srcs/sources_1/imports/sources/PSA.v:96]
INFO: [Synth 8-251] Compare -> block value [j = 42] = xx : pattern value = xx [C:/Users/reese/OneDrive/Documents/University/EEE4120F/YODA_V2/YODA_V2.srcs/sources_1/imports/sources/PSA.v:92]
INFO: [Synth 8-251] we've found match, alert user [C:/Users/reese/OneDrive/Documents/University/EEE4120F/YODA_V2/YODA_V2.srcs/sources_1/imports/sources/PSA.v:96]
INFO: [Synth 8-251] Compare -> block value [j = 43] = xx : pattern value = xx [C:/Users/reese/OneDrive/Documents/University/EEE4120F/YODA_V2/YODA_V2.srcs/sources_1/imports/sources/PSA.v:92]
INFO: [Synth 8-251] we've found match, alert user [C:/Users/reese/OneDrive/Documents/University/EEE4120F/YODA_V2/YODA_V2.srcs/sources_1/imports/sources/PSA.v:96]
INFO: [Synth 8-251] Compare -> block value [j = 44] = xx : pattern value = xx [C:/Users/reese/OneDrive/Documents/University/EEE4120F/YODA_V2/YODA_V2.srcs/sources_1/imports/sources/PSA.v:92]
INFO: [Synth 8-251] we've found match, alert user [C:/Users/reese/OneDrive/Documents/University/EEE4120F/YODA_V2/YODA_V2.srcs/sources_1/imports/sources/PSA.v:96]
INFO: [Synth 8-251] Compare -> block value [j = 45] = xx : pattern value = xx [C:/Users/reese/OneDrive/Documents/University/EEE4120F/YODA_V2/YODA_V2.srcs/sources_1/imports/sources/PSA.v:92]
INFO: [Synth 8-251] we've found match, alert user [C:/Users/reese/OneDrive/Documents/University/EEE4120F/YODA_V2/YODA_V2.srcs/sources_1/imports/sources/PSA.v:96]
INFO: [Synth 8-251] Compare -> block value [j = 46] = xx : pattern value = xx [C:/Users/reese/OneDrive/Documents/University/EEE4120F/YODA_V2/YODA_V2.srcs/sources_1/imports/sources/PSA.v:92]
INFO: [Synth 8-251] we've found match, alert user [C:/Users/reese/OneDrive/Documents/University/EEE4120F/YODA_V2/YODA_V2.srcs/sources_1/imports/sources/PSA.v:96]
INFO: [Synth 8-251] Compare -> block value [j = 47] = xx : pattern value = xx [C:/Users/reese/OneDrive/Documents/University/EEE4120F/YODA_V2/YODA_V2.srcs/sources_1/imports/sources/PSA.v:92]
INFO: [Synth 8-251] we've found match, alert user [C:/Users/reese/OneDrive/Documents/University/EEE4120F/YODA_V2/YODA_V2.srcs/sources_1/imports/sources/PSA.v:96]
INFO: [Synth 8-251] Compare -> block value [j = 48] = xx : pattern value = xx [C:/Users/reese/OneDrive/Documents/University/EEE4120F/YODA_V2/YODA_V2.srcs/sources_1/imports/sources/PSA.v:92]
INFO: [Common 17-14] Message 'Synth 8-251' appears 100 times and further instances of the messages will be disabled. Use the Tcl command set_msg_config to change the current settings.
WARNING: [Synth 8-567] referenced signal 'block' should be on the sensitivity list [C:/Users/reese/OneDrive/Documents/University/EEE4120F/YODA_V2/YODA_V2.srcs/sources_1/imports/sources/PSA.v:88]
WARNING: [Synth 8-567] referenced signal 'block_length' should be on the sensitivity list [C:/Users/reese/OneDrive/Documents/University/EEE4120F/YODA_V2/YODA_V2.srcs/sources_1/imports/sources/PSA.v:88]
WARNING: [Synth 8-3848] Net block_memory[0] in module/entity PSA does not have driver. [C:/Users/reese/OneDrive/Documents/University/EEE4120F/YODA_V2/YODA_V2.srcs/sources_1/imports/sources/PSA.v:26]
WARNING: [Synth 8-3848] Net block_memory[1] in module/entity PSA does not have driver. [C:/Users/reese/OneDrive/Documents/University/EEE4120F/YODA_V2/YODA_V2.srcs/sources_1/imports/sources/PSA.v:26]
WARNING: [Synth 8-3848] Net block_memory[2] in module/entity PSA does not have driver. [C:/Users/reese/OneDrive/Documents/University/EEE4120F/YODA_V2/YODA_V2.srcs/sources_1/imports/sources/PSA.v:26]
WARNING: [Synth 8-3848] Net block_memory[3] in module/entity PSA does not have driver. [C:/Users/reese/OneDrive/Documents/University/EEE4120F/YODA_V2/YODA_V2.srcs/sources_1/imports/sources/PSA.v:26]
WARNING: [Synth 8-3848] Net block_memory[4] in module/entity PSA does not have driver. [C:/Users/reese/OneDrive/Documents/University/EEE4120F/YODA_V2/YODA_V2.srcs/sources_1/imports/sources/PSA.v:26]
WARNING: [Synth 8-3848] Net block_memory[5] in module/entity PSA does not have driver. [C:/Users/reese/OneDrive/Documents/University/EEE4120F/YODA_V2/YODA_V2.srcs/sources_1/imports/sources/PSA.v:26]
WARNING: [Synth 8-3848] Net block_memory[6] in module/entity PSA does not have driver. [C:/Users/reese/OneDrive/Documents/University/EEE4120F/YODA_V2/YODA_V2.srcs/sources_1/imports/sources/PSA.v:26]
WARNING: [Synth 8-3848] Net block_memory[7] in module/entity PSA does not have driver. [C:/Users/reese/OneDrive/Documents/University/EEE4120F/YODA_V2/YODA_V2.srcs/sources_1/imports/sources/PSA.v:26]
WARNING: [Synth 8-3848] Net block_memory[8] in module/entity PSA does not have driver. [C:/Users/reese/OneDrive/Documents/University/EEE4120F/YODA_V2/YODA_V2.srcs/sources_1/imports/sources/PSA.v:26]
WARNING: [Synth 8-3848] Net block_memory[9] in module/entity PSA does not have driver. [C:/Users/reese/OneDrive/Documents/University/EEE4120F/YODA_V2/YODA_V2.srcs/sources_1/imports/sources/PSA.v:26]
WARNING: [Synth 8-3848] Net block_memory[10] in module/entity PSA does not have driver. [C:/Users/reese/OneDrive/Documents/University/EEE4120F/YODA_V2/YODA_V2.srcs/sources_1/imports/sources/PSA.v:26]
WARNING: [Synth 8-3848] Net block_memory[11] in module/entity PSA does not have driver. [C:/Users/reese/OneDrive/Documents/University/EEE4120F/YODA_V2/YODA_V2.srcs/sources_1/imports/sources/PSA.v:26]
WARNING: [Synth 8-3848] Net block_memory[12] in module/entity PSA does not have driver. [C:/Users/reese/OneDrive/Documents/University/EEE4120F/YODA_V2/YODA_V2.srcs/sources_1/imports/sources/PSA.v:26]
WARNING: [Synth 8-3848] Net block_memory[13] in module/entity PSA does not have driver. [C:/Users/reese/OneDrive/Documents/University/EEE4120F/YODA_V2/YODA_V2.srcs/sources_1/imports/sources/PSA.v:26]
WARNING: [Synth 8-3848] Net block_memory[14] in module/entity PSA does not have driver. [C:/Users/reese/OneDrive/Documents/University/EEE4120F/YODA_V2/YODA_V2.srcs/sources_1/imports/sources/PSA.v:26]
WARNING: [Synth 8-3848] Net block_memory[15] in module/entity PSA does not have driver. [C:/Users/reese/OneDrive/Documents/University/EEE4120F/YODA_V2/YODA_V2.srcs/sources_1/imports/sources/PSA.v:26]
WARNING: [Synth 8-3848] Net block_memory[16] in module/entity PSA does not have driver. [C:/Users/reese/OneDrive/Documents/University/EEE4120F/YODA_V2/YODA_V2.srcs/sources_1/imports/sources/PSA.v:26]
WARNING: [Synth 8-3848] Net block_memory[17] in module/entity PSA does not have driver. [C:/Users/reese/OneDrive/Documents/University/EEE4120F/YODA_V2/YODA_V2.srcs/sources_1/imports/sources/PSA.v:26]
WARNING: [Synth 8-3848] Net block_memory[18] in module/entity PSA does not have driver. [C:/Users/reese/OneDrive/Documents/University/EEE4120F/YODA_V2/YODA_V2.srcs/sources_1/imports/sources/PSA.v:26]
WARNING: [Synth 8-3848] Net block_memory[19] in module/entity PSA does not have driver. [C:/Users/reese/OneDrive/Documents/University/EEE4120F/YODA_V2/YODA_V2.srcs/sources_1/imports/sources/PSA.v:26]
WARNING: [Synth 8-3848] Net block_memory[20] in module/entity PSA does not have driver. [C:/Users/reese/OneDrive/Documents/University/EEE4120F/YODA_V2/YODA_V2.srcs/sources_1/imports/sources/PSA.v:26]
WARNING: [Synth 8-3848] Net block_memory[21] in module/entity PSA does not have driver. [C:/Users/reese/OneDrive/Documents/University/EEE4120F/YODA_V2/YODA_V2.srcs/sources_1/imports/sources/PSA.v:26]
WARNING: [Synth 8-3848] Net block_memory[22] in module/entity PSA does not have driver. [C:/Users/reese/OneDrive/Documents/University/EEE4120F/YODA_V2/YODA_V2.srcs/sources_1/imports/sources/PSA.v:26]
WARNING: [Synth 8-3848] Net block_memory[23] in module/entity PSA does not have driver. [C:/Users/reese/OneDrive/Documents/University/EEE4120F/YODA_V2/YODA_V2.srcs/sources_1/imports/sources/PSA.v:26]
WARNING: [Synth 8-3848] Net block_memory[24] in module/entity PSA does not have driver. [C:/Users/reese/OneDrive/Documents/University/EEE4120F/YODA_V2/YODA_V2.srcs/sources_1/imports/sources/PSA.v:26]
WARNING: [Synth 8-3848] Net block_memory[25] in module/entity PSA does not have driver. [C:/Users/reese/OneDrive/Documents/University/EEE4120F/YODA_V2/YODA_V2.srcs/sources_1/imports/sources/PSA.v:26]
WARNING: [Synth 8-3848] Net block_memory[26] in module/entity PSA does not have driver. [C:/Users/reese/OneDrive/Documents/University/EEE4120F/YODA_V2/YODA_V2.srcs/sources_1/imports/sources/PSA.v:26]
WARNING: [Synth 8-3848] Net block_memory[27] in module/entity PSA does not have driver. [C:/Users/reese/OneDrive/Documents/University/EEE4120F/YODA_V2/YODA_V2.srcs/sources_1/imports/sources/PSA.v:26]
WARNING: [Synth 8-3848] Net block_memory[28] in module/entity PSA does not have driver. [C:/Users/reese/OneDrive/Documents/University/EEE4120F/YODA_V2/YODA_V2.srcs/sources_1/imports/sources/PSA.v:26]
WARNING: [Synth 8-3848] Net block_memory[29] in module/entity PSA does not have driver. [C:/Users/reese/OneDrive/Documents/University/EEE4120F/YODA_V2/YODA_V2.srcs/sources_1/imports/sources/PSA.v:26]
WARNING: [Synth 8-3848] Net block_memory[30] in module/entity PSA does not have driver. [C:/Users/reese/OneDrive/Documents/University/EEE4120F/YODA_V2/YODA_V2.srcs/sources_1/imports/sources/PSA.v:26]
WARNING: [Synth 8-3848] Net block_memory[31] in module/entity PSA does not have driver. [C:/Users/reese/OneDrive/Documents/University/EEE4120F/YODA_V2/YODA_V2.srcs/sources_1/imports/sources/PSA.v:26]
WARNING: [Synth 8-3848] Net block_memory[32] in module/entity PSA does not have driver. [C:/Users/reese/OneDrive/Documents/University/EEE4120F/YODA_V2/YODA_V2.srcs/sources_1/imports/sources/PSA.v:26]
WARNING: [Synth 8-3848] Net block_memory[33] in module/entity PSA does not have driver. [C:/Users/reese/OneDrive/Documents/University/EEE4120F/YODA_V2/YODA_V2.srcs/sources_1/imports/sources/PSA.v:26]
WARNING: [Synth 8-3848] Net block_memory[34] in module/entity PSA does not have driver. [C:/Users/reese/OneDrive/Documents/University/EEE4120F/YODA_V2/YODA_V2.srcs/sources_1/imports/sources/PSA.v:26]
WARNING: [Synth 8-3848] Net block_memory[35] in module/entity PSA does not have driver. [C:/Users/reese/OneDrive/Documents/University/EEE4120F/YODA_V2/YODA_V2.srcs/sources_1/imports/sources/PSA.v:26]
WARNING: [Synth 8-3848] Net block_memory[36] in module/entity PSA does not have driver. [C:/Users/reese/OneDrive/Documents/University/EEE4120F/YODA_V2/YODA_V2.srcs/sources_1/imports/sources/PSA.v:26]
WARNING: [Synth 8-3848] Net block_memory[37] in module/entity PSA does not have driver. [C:/Users/reese/OneDrive/Documents/University/EEE4120F/YODA_V2/YODA_V2.srcs/sources_1/imports/sources/PSA.v:26]
WARNING: [Synth 8-3848] Net block_memory[38] in module/entity PSA does not have driver. [C:/Users/reese/OneDrive/Documents/University/EEE4120F/YODA_V2/YODA_V2.srcs/sources_1/imports/sources/PSA.v:26]
WARNING: [Synth 8-3848] Net block_memory[39] in module/entity PSA does not have driver. [C:/Users/reese/OneDrive/Documents/University/EEE4120F/YODA_V2/YODA_V2.srcs/sources_1/imports/sources/PSA.v:26]
WARNING: [Synth 8-3848] Net block_memory[40] in module/entity PSA does not have driver. [C:/Users/reese/OneDrive/Documents/University/EEE4120F/YODA_V2/YODA_V2.srcs/sources_1/imports/sources/PSA.v:26]
WARNING: [Synth 8-3848] Net block_memory[41] in module/entity PSA does not have driver. [C:/Users/reese/OneDrive/Documents/University/EEE4120F/YODA_V2/YODA_V2.srcs/sources_1/imports/sources/PSA.v:26]
WARNING: [Synth 8-3848] Net block_memory[42] in module/entity PSA does not have driver. [C:/Users/reese/OneDrive/Documents/University/EEE4120F/YODA_V2/YODA_V2.srcs/sources_1/imports/sources/PSA.v:26]
WARNING: [Synth 8-3848] Net block_memory[43] in module/entity PSA does not have driver. [C:/Users/reese/OneDrive/Documents/University/EEE4120F/YODA_V2/YODA_V2.srcs/sources_1/imports/sources/PSA.v:26]
WARNING: [Synth 8-3848] Net block_memory[44] in module/entity PSA does not have driver. [C:/Users/reese/OneDrive/Documents/University/EEE4120F/YODA_V2/YODA_V2.srcs/sources_1/imports/sources/PSA.v:26]
WARNING: [Synth 8-3848] Net block_memory[45] in module/entity PSA does not have driver. [C:/Users/reese/OneDrive/Documents/University/EEE4120F/YODA_V2/YODA_V2.srcs/sources_1/imports/sources/PSA.v:26]
WARNING: [Synth 8-3848] Net block_memory[46] in module/entity PSA does not have driver. [C:/Users/reese/OneDrive/Documents/University/EEE4120F/YODA_V2/YODA_V2.srcs/sources_1/imports/sources/PSA.v:26]
WARNING: [Synth 8-3848] Net block_memory[47] in module/entity PSA does not have driver. [C:/Users/reese/OneDrive/Documents/University/EEE4120F/YODA_V2/YODA_V2.srcs/sources_1/imports/sources/PSA.v:26]
WARNING: [Synth 8-3848] Net block_memory[48] in module/entity PSA does not have driver. [C:/Users/reese/OneDrive/Documents/University/EEE4120F/YODA_V2/YODA_V2.srcs/sources_1/imports/sources/PSA.v:26]
WARNING: [Synth 8-3848] Net block_memory[49] in module/entity PSA does not have driver. [C:/Users/reese/OneDrive/Documents/University/EEE4120F/YODA_V2/YODA_V2.srcs/sources_1/imports/sources/PSA.v:26]
WARNING: [Synth 8-3848] Net block_memory[50] in module/entity PSA does not have driver. [C:/Users/reese/OneDrive/Documents/University/EEE4120F/YODA_V2/YODA_V2.srcs/sources_1/imports/sources/PSA.v:26]
WARNING: [Synth 8-3848] Net block_memory[51] in module/entity PSA does not have driver. [C:/Users/reese/OneDrive/Documents/University/EEE4120F/YODA_V2/YODA_V2.srcs/sources_1/imports/sources/PSA.v:26]
WARNING: [Synth 8-3848] Net block_memory[52] in module/entity PSA does not have driver. [C:/Users/reese/OneDrive/Documents/University/EEE4120F/YODA_V2/YODA_V2.srcs/sources_1/imports/sources/PSA.v:26]
WARNING: [Synth 8-3848] Net block_memory[53] in module/entity PSA does not have driver. [C:/Users/reese/OneDrive/Documents/University/EEE4120F/YODA_V2/YODA_V2.srcs/sources_1/imports/sources/PSA.v:26]
WARNING: [Synth 8-3848] Net block_memory[54] in module/entity PSA does not have driver. [C:/Users/reese/OneDrive/Documents/University/EEE4120F/YODA_V2/YODA_V2.srcs/sources_1/imports/sources/PSA.v:26]
WARNING: [Synth 8-3848] Net block_memory[55] in module/entity PSA does not have driver. [C:/Users/reese/OneDrive/Documents/University/EEE4120F/YODA_V2/YODA_V2.srcs/sources_1/imports/sources/PSA.v:26]
WARNING: [Synth 8-3848] Net block_memory[56] in module/entity PSA does not have driver. [C:/Users/reese/OneDrive/Documents/University/EEE4120F/YODA_V2/YODA_V2.srcs/sources_1/imports/sources/PSA.v:26]
WARNING: [Synth 8-3848] Net block_memory[57] in module/entity PSA does not have driver. [C:/Users/reese/OneDrive/Documents/University/EEE4120F/YODA_V2/YODA_V2.srcs/sources_1/imports/sources/PSA.v:26]
WARNING: [Synth 8-3848] Net block_memory[58] in module/entity PSA does not have driver. [C:/Users/reese/OneDrive/Documents/University/EEE4120F/YODA_V2/YODA_V2.srcs/sources_1/imports/sources/PSA.v:26]
WARNING: [Synth 8-3848] Net block_memory[59] in module/entity PSA does not have driver. [C:/Users/reese/OneDrive/Documents/University/EEE4120F/YODA_V2/YODA_V2.srcs/sources_1/imports/sources/PSA.v:26]
WARNING: [Synth 8-3848] Net block_memory[60] in module/entity PSA does not have driver. [C:/Users/reese/OneDrive/Documents/University/EEE4120F/YODA_V2/YODA_V2.srcs/sources_1/imports/sources/PSA.v:26]
WARNING: [Synth 8-3848] Net block_memory[61] in module/entity PSA does not have driver. [C:/Users/reese/OneDrive/Documents/University/EEE4120F/YODA_V2/YODA_V2.srcs/sources_1/imports/sources/PSA.v:26]
WARNING: [Synth 8-3848] Net block_memory[62] in module/entity PSA does not have driver. [C:/Users/reese/OneDrive/Documents/University/EEE4120F/YODA_V2/YODA_V2.srcs/sources_1/imports/sources/PSA.v:26]
WARNING: [Synth 8-3848] Net block_memory[63] in module/entity PSA does not have driver. [C:/Users/reese/OneDrive/Documents/University/EEE4120F/YODA_V2/YODA_V2.srcs/sources_1/imports/sources/PSA.v:26]
WARNING: [Synth 8-3848] Net block_memory[64] in module/entity PSA does not have driver. [C:/Users/reese/OneDrive/Documents/University/EEE4120F/YODA_V2/YODA_V2.srcs/sources_1/imports/sources/PSA.v:26]
WARNING: [Synth 8-3848] Net block_memory[65] in module/entity PSA does not have driver. [C:/Users/reese/OneDrive/Documents/University/EEE4120F/YODA_V2/YODA_V2.srcs/sources_1/imports/sources/PSA.v:26]
WARNING: [Synth 8-3848] Net block_memory[66] in module/entity PSA does not have driver. [C:/Users/reese/OneDrive/Documents/University/EEE4120F/YODA_V2/YODA_V2.srcs/sources_1/imports/sources/PSA.v:26]
WARNING: [Synth 8-3848] Net block_memory[67] in module/entity PSA does not have driver. [C:/Users/reese/OneDrive/Documents/University/EEE4120F/YODA_V2/YODA_V2.srcs/sources_1/imports/sources/PSA.v:26]
WARNING: [Synth 8-3848] Net block_memory[68] in module/entity PSA does not have driver. [C:/Users/reese/OneDrive/Documents/University/EEE4120F/YODA_V2/YODA_V2.srcs/sources_1/imports/sources/PSA.v:26]
WARNING: [Synth 8-3848] Net block_memory[69] in module/entity PSA does not have driver. [C:/Users/reese/OneDrive/Documents/University/EEE4120F/YODA_V2/YODA_V2.srcs/sources_1/imports/sources/PSA.v:26]
WARNING: [Synth 8-3848] Net block_memory[70] in module/entity PSA does not have driver. [C:/Users/reese/OneDrive/Documents/University/EEE4120F/YODA_V2/YODA_V2.srcs/sources_1/imports/sources/PSA.v:26]
WARNING: [Synth 8-3848] Net block_memory[71] in module/entity PSA does not have driver. [C:/Users/reese/OneDrive/Documents/University/EEE4120F/YODA_V2/YODA_V2.srcs/sources_1/imports/sources/PSA.v:26]
WARNING: [Synth 8-3848] Net block_memory[72] in module/entity PSA does not have driver. [C:/Users/reese/OneDrive/Documents/University/EEE4120F/YODA_V2/YODA_V2.srcs/sources_1/imports/sources/PSA.v:26]
WARNING: [Synth 8-3848] Net block_memory[73] in module/entity PSA does not have driver. [C:/Users/reese/OneDrive/Documents/University/EEE4120F/YODA_V2/YODA_V2.srcs/sources_1/imports/sources/PSA.v:26]
WARNING: [Synth 8-3848] Net block_memory[74] in module/entity PSA does not have driver. [C:/Users/reese/OneDrive/Documents/University/EEE4120F/YODA_V2/YODA_V2.srcs/sources_1/imports/sources/PSA.v:26]
WARNING: [Synth 8-3848] Net block_memory[75] in module/entity PSA does not have driver. [C:/Users/reese/OneDrive/Documents/University/EEE4120F/YODA_V2/YODA_V2.srcs/sources_1/imports/sources/PSA.v:26]
WARNING: [Synth 8-3848] Net block_memory[76] in module/entity PSA does not have driver. [C:/Users/reese/OneDrive/Documents/University/EEE4120F/YODA_V2/YODA_V2.srcs/sources_1/imports/sources/PSA.v:26]
WARNING: [Synth 8-3848] Net block_memory[77] in module/entity PSA does not have driver. [C:/Users/reese/OneDrive/Documents/University/EEE4120F/YODA_V2/YODA_V2.srcs/sources_1/imports/sources/PSA.v:26]
WARNING: [Synth 8-3848] Net block_memory[78] in module/entity PSA does not have driver. [C:/Users/reese/OneDrive/Documents/University/EEE4120F/YODA_V2/YODA_V2.srcs/sources_1/imports/sources/PSA.v:26]
WARNING: [Synth 8-3848] Net block_memory[79] in module/entity PSA does not have driver. [C:/Users/reese/OneDrive/Documents/University/EEE4120F/YODA_V2/YODA_V2.srcs/sources_1/imports/sources/PSA.v:26]
WARNING: [Synth 8-3848] Net block_memory[80] in module/entity PSA does not have driver. [C:/Users/reese/OneDrive/Documents/University/EEE4120F/YODA_V2/YODA_V2.srcs/sources_1/imports/sources/PSA.v:26]
WARNING: [Synth 8-3848] Net block_memory[81] in module/entity PSA does not have driver. [C:/Users/reese/OneDrive/Documents/University/EEE4120F/YODA_V2/YODA_V2.srcs/sources_1/imports/sources/PSA.v:26]
WARNING: [Synth 8-3848] Net block_memory[82] in module/entity PSA does not have driver. [C:/Users/reese/OneDrive/Documents/University/EEE4120F/YODA_V2/YODA_V2.srcs/sources_1/imports/sources/PSA.v:26]
WARNING: [Synth 8-3848] Net block_memory[83] in module/entity PSA does not have driver. [C:/Users/reese/OneDrive/Documents/University/EEE4120F/YODA_V2/YODA_V2.srcs/sources_1/imports/sources/PSA.v:26]
WARNING: [Synth 8-3848] Net block_memory[84] in module/entity PSA does not have driver. [C:/Users/reese/OneDrive/Documents/University/EEE4120F/YODA_V2/YODA_V2.srcs/sources_1/imports/sources/PSA.v:26]
WARNING: [Synth 8-3848] Net block_memory[85] in module/entity PSA does not have driver. [C:/Users/reese/OneDrive/Documents/University/EEE4120F/YODA_V2/YODA_V2.srcs/sources_1/imports/sources/PSA.v:26]
WARNING: [Synth 8-3848] Net block_memory[86] in module/entity PSA does not have driver. [C:/Users/reese/OneDrive/Documents/University/EEE4120F/YODA_V2/YODA_V2.srcs/sources_1/imports/sources/PSA.v:26]
WARNING: [Synth 8-3848] Net block_memory[87] in module/entity PSA does not have driver. [C:/Users/reese/OneDrive/Documents/University/EEE4120F/YODA_V2/YODA_V2.srcs/sources_1/imports/sources/PSA.v:26]
WARNING: [Synth 8-3848] Net block_memory[88] in module/entity PSA does not have driver. [C:/Users/reese/OneDrive/Documents/University/EEE4120F/YODA_V2/YODA_V2.srcs/sources_1/imports/sources/PSA.v:26]
WARNING: [Synth 8-3848] Net block_memory[89] in module/entity PSA does not have driver. [C:/Users/reese/OneDrive/Documents/University/EEE4120F/YODA_V2/YODA_V2.srcs/sources_1/imports/sources/PSA.v:26]
WARNING: [Synth 8-3848] Net block_memory[90] in module/entity PSA does not have driver. [C:/Users/reese/OneDrive/Documents/University/EEE4120F/YODA_V2/YODA_V2.srcs/sources_1/imports/sources/PSA.v:26]
WARNING: [Synth 8-3848] Net block_memory[91] in module/entity PSA does not have driver. [C:/Users/reese/OneDrive/Documents/University/EEE4120F/YODA_V2/YODA_V2.srcs/sources_1/imports/sources/PSA.v:26]
WARNING: [Synth 8-3848] Net block_memory[92] in module/entity PSA does not have driver. [C:/Users/reese/OneDrive/Documents/University/EEE4120F/YODA_V2/YODA_V2.srcs/sources_1/imports/sources/PSA.v:26]
WARNING: [Synth 8-3848] Net block_memory[93] in module/entity PSA does not have driver. [C:/Users/reese/OneDrive/Documents/University/EEE4120F/YODA_V2/YODA_V2.srcs/sources_1/imports/sources/PSA.v:26]
WARNING: [Synth 8-3848] Net block_memory[94] in module/entity PSA does not have driver. [C:/Users/reese/OneDrive/Documents/University/EEE4120F/YODA_V2/YODA_V2.srcs/sources_1/imports/sources/PSA.v:26]
WARNING: [Synth 8-3848] Net block_memory[95] in module/entity PSA does not have driver. [C:/Users/reese/OneDrive/Documents/University/EEE4120F/YODA_V2/YODA_V2.srcs/sources_1/imports/sources/PSA.v:26]
WARNING: [Synth 8-3848] Net block_memory[96] in module/entity PSA does not have driver. [C:/Users/reese/OneDrive/Documents/University/EEE4120F/YODA_V2/YODA_V2.srcs/sources_1/imports/sources/PSA.v:26]
WARNING: [Synth 8-3848] Net block_memory[97] in module/entity PSA does not have driver. [C:/Users/reese/OneDrive/Documents/University/EEE4120F/YODA_V2/YODA_V2.srcs/sources_1/imports/sources/PSA.v:26]
WARNING: [Synth 8-3848] Net block_memory[98] in module/entity PSA does not have driver. [C:/Users/reese/OneDrive/Documents/University/EEE4120F/YODA_V2/YODA_V2.srcs/sources_1/imports/sources/PSA.v:26]
WARNING: [Synth 8-3848] Net block_memory[99] in module/entity PSA does not have driver. [C:/Users/reese/OneDrive/Documents/University/EEE4120F/YODA_V2/YODA_V2.srcs/sources_1/imports/sources/PSA.v:26]
INFO: [Common 17-14] Message 'Synth 8-3848' appears 100 times and further instances of the messages will be disabled. Use the Tcl command set_msg_config to change the current settings.
INFO: [Synth 8-6155] done synthesizing module 'PSA' (7#1) [C:/Users/reese/OneDrive/Documents/University/EEE4120F/YODA_V2/YODA_V2.srcs/sources_1/imports/sources/PSA.v:3]
INFO: [Synth 8-6155] done synthesizing module 'Input_module' (8#1) [C:/Users/reese/OneDrive/Documents/University/EEE4120F/YODA_V2/YODA_V2.srcs/sources_1/imports/Input_module.v:23]
---------------------------------------------------------------------------------
Finished RTL Elaboration : Time (s): cpu = 00:00:07 ; elapsed = 00:00:07 . Memory (MB): peak = 947.781 ; gain = 308.555
---------------------------------------------------------------------------------

Report Check Netlist: 
+------+------------------+-------+---------+-------+------------------+
|      |Item              |Errors |Warnings |Status |Description       |
+------+------------------+-------+---------+-------+------------------+
|1     |multi_driven_nets |      0|        0|Passed |Multi driven nets |
+------+------------------+-------+---------+-------+------------------+
---------------------------------------------------------------------------------
Start Handling Custom Attributes
---------------------------------------------------------------------------------
---------------------------------------------------------------------------------
Finished Handling Custom Attributes : Time (s): cpu = 00:00:07 ; elapsed = 00:00:07 . Memory (MB): peak = 947.781 ; gain = 308.555
---------------------------------------------------------------------------------
---------------------------------------------------------------------------------
Finished RTL Optimization Phase 1 : Time (s): cpu = 00:00:07 ; elapsed = 00:00:07 . Memory (MB): peak = 947.781 ; gain = 308.555
---------------------------------------------------------------------------------
Netlist sorting complete. Time (s): cpu = 00:00:00 ; elapsed = 00:00:00.035 . Memory (MB): peak = 947.781 ; gain = 0.000
INFO: [Project 1-570] Preparing netlist for logic optimization

Processing XDC Constraints
Initializing timing engine
Parsing XDC File [C:/Users/reese/OneDrive/Documents/University/EEE4120F/YODA_V2/YODA_V2.srcs/constrs_1/imports/imports/Prac5_constraints_file.xdc]
Finished Parsing XDC File [C:/Users/reese/OneDrive/Documents/University/EEE4120F/YODA_V2/YODA_V2.srcs/constrs_1/imports/imports/Prac5_constraints_file.xdc]
INFO: [Project 1-236] Implementation specific constraints were found while reading constraint file [C:/Users/reese/OneDrive/Documents/University/EEE4120F/YODA_V2/YODA_V2.srcs/constrs_1/imports/imports/Prac5_constraints_file.xdc]. These constraints will be ignored for synthesis but will be used in implementation. Impacted constraints are listed in the file [.Xil/Input_module_propImpl.xdc].
Resolution: To avoid this warning, move constraints listed in [.Xil/Input_module_propImpl.xdc] to another XDC file and exclude this new file from synthesis with the used_in_synthesis property (File Properties dialog in GUI) and re-run elaboration/synthesis.
Completed Processing XDC Constraints

Netlist sorting complete. Time (s): cpu = 00:00:00 ; elapsed = 00:00:00 . Memory (MB): peak = 1056.254 ; gain = 0.000
INFO: [Project 1-111] Unisim Transformation Summary:
No Unisim elements were transformed.

Constraint Validation Runtime : Time (s): cpu = 00:00:00 ; elapsed = 00:00:00.013 . Memory (MB): peak = 1056.254 ; gain = 0.000
---------------------------------------------------------------------------------
Finished Constraint Validation : Time (s): cpu = 00:00:15 ; elapsed = 00:00:16 . Memory (MB): peak = 1056.254 ; gain = 417.027
---------------------------------------------------------------------------------
---------------------------------------------------------------------------------
Start Loading Part and Timing Information
---------------------------------------------------------------------------------
Loading part: xc7a100tcsg324-1
---------------------------------------------------------------------------------
Finished Loading Part and Timing Information : Time (s): cpu = 00:00:15 ; elapsed = 00:00:16 . Memory (MB): peak = 1056.254 ; gain = 417.027
---------------------------------------------------------------------------------
---------------------------------------------------------------------------------
Start Applying 'set_property' XDC Constraints
---------------------------------------------------------------------------------
---------------------------------------------------------------------------------
Finished applying 'set_property' XDC Constraints : Time (s): cpu = 00:00:15 ; elapsed = 00:00:16 . Memory (MB): peak = 1056.254 ; gain = 417.027
---------------------------------------------------------------------------------
INFO: [Synth 8-5546] ROM "SW_Value" won't be mapped to RAM because it is too sparse
INFO: [Synth 8-802] inferred FSM for state register 'seq_reg' in module 'Input_module'
WARNING: [Synth 8-327] inferring latch for variable 'ping_reg' [C:/Users/reese/OneDrive/Documents/University/EEE4120F/YODA_V2/YODA_V2.srcs/sources_1/imports/sources/PSA.v:98]
---------------------------------------------------------------------------------------------------
                   State |                     New Encoding |                Previous Encoding 
---------------------------------------------------------------------------------------------------
                 iSTATE6 |                          0000001 |                             0000
*
                  iSTATE |                          0000010 |                             0001
                 iSTATE0 |                          0000100 |                             0010
                 iSTATE1 |                          0001000 |                             0011
                 iSTATE2 |                          0010000 |                             0100
                 iSTATE3 |                          0100000 |                             0101
                 iSTATE4 |                          1000000 |                             0110
---------------------------------------------------------------------------------------------------
INFO: [Synth 8-3354] encoded FSM with state register 'seq_reg' using encoding 'one-hot' in module 'Input_module'
---------------------------------------------------------------------------------
Finished RTL Optimization Phase 2 : Time (s): cpu = 00:00:16 ; elapsed = 00:00:16 . Memory (MB): peak = 1056.254 ; gain = 417.027
---------------------------------------------------------------------------------

Report RTL Partitions: 
+-+--------------+------------+----------+
| |RTL Partition |Replication |Instances |
+-+--------------+------------+----------+
+-+--------------+------------+----------+
---------------------------------------------------------------------------------
Start RTL Component Statistics 
---------------------------------------------------------------------------------
Detailed RTL Component Info : 
+---Adders : 
	   2 Input     15 Bit       Adders := 20    
	   3 Input      6 Bit       Adders := 2     
+---Registers : 
	               16 Bit    Registers := 6     
	               15 Bit    Registers := 20    
	                8 Bit    Registers := 1     
	                4 Bit    Registers := 2     
	                1 Bit    Registers := 44    
+---Muxes : 
	   2 Input     16 Bit        Muxes := 23    
	   6 Input     16 Bit        Muxes := 5     
	   3 Input     15 Bit        Muxes := 20    
	   2 Input      7 Bit        Muxes := 1     
	  23 Input      7 Bit        Muxes := 1     
	  17 Input      4 Bit        Muxes := 1     
	   2 Input      4 Bit        Muxes := 2     
	   3 Input      4 Bit        Muxes := 1     
	   2 Input      2 Bit        Muxes := 60    
	   2 Input      1 Bit        Muxes := 23    
	   6 Input      1 Bit        Muxes := 3     
---------------------------------------------------------------------------------
Finished RTL Component Statistics 
---------------------------------------------------------------------------------
---------------------------------------------------------------------------------
Start RTL Hierarchical Component Statistics 
---------------------------------------------------------------------------------
Hierarchical RTL Component report 
Module Input_module 
Detailed RTL Component Info : 
+---Registers : 
	               16 Bit    Registers := 6     
	                4 Bit    Registers := 1     
	                1 Bit    Registers := 2     
+---Muxes : 
	   2 Input     16 Bit        Muxes := 23    
	   6 Input     16 Bit        Muxes := 5     
	  23 Input      7 Bit        Muxes := 1     
	   2 Input      4 Bit        Muxes := 2     
	   3 Input      4 Bit        Muxes := 1     
	   2 Input      1 Bit        Muxes := 1     
	   6 Input      1 Bit        Muxes := 3     
Module DebounceBTN 
Detailed RTL Component Info : 
+---Adders : 
	   2 Input     15 Bit       Adders := 1     
+---Registers : 
	               15 Bit    Registers := 1     
	                1 Bit    Registers := 2     
+---Muxes : 
	   3 Input     15 Bit        Muxes := 1     
	   2 Input      1 Bit        Muxes := 1     
Module PWM 
Detailed RTL Component Info : 
+---Registers : 
	                1 Bit    Registers := 1     
Module DisplayDriver 
Detailed RTL Component Info : 
+---Registers : 
	                4 Bit    Registers := 1     
+---Muxes : 
	   2 Input      7 Bit        Muxes := 1     
Module SW_Decoder 
Detailed RTL Component Info : 
+---Muxes : 
	  17 Input      4 Bit        Muxes := 1     
Module slow_clk 
Detailed RTL Component Info : 
+---Registers : 
	                1 Bit    Registers := 1     
Module PSA 
Detailed RTL Component Info : 
+---Adders : 
	   3 Input      6 Bit       Adders := 2     
+---Registers : 
	                8 Bit    Registers := 1     
+---Muxes : 
	   2 Input      2 Bit        Muxes := 60    
	   2 Input      1 Bit        Muxes := 2     
---------------------------------------------------------------------------------
Finished RTL Hierarchical Component Statistics
---------------------------------------------------------------------------------
---------------------------------------------------------------------------------
Start Part Resource Summary
---------------------------------------------------------------------------------
Part Resources:
DSPs: 240 (col length:80)
BRAMs: 270 (col length: RAMB18 80 RAMB36 40)
---------------------------------------------------------------------------------
Finished Part Resource Summary
---------------------------------------------------------------------------------
---------------------------------------------------------------------------------
Start Cross Boundary and Area Optimization
---------------------------------------------------------------------------------
Warning: Parallel synthesis criteria is not met 
INFO: [Synth 8-5546] ROM "SWDEcoder/SW_Value" won't be mapped to RAM because it is too sparse
WARNING: [Synth 8-3917] design Input_module has port SevenSegment[7] driven by constant 1
INFO: [Synth 8-3333] propagating constant 0 across sequential element (done_reg)
INFO: [Synth 8-3886] merging instance 'PSA/key_reg[6]' (FDE) to 'PSA/key_reg[0]'
INFO: [Synth 8-3886] merging instance 'PSA/key_reg[7]' (FDE) to 'PSA/key_reg[0]'
INFO: [Synth 8-3886] merging instance 'PSA/key_reg[0]' (FDE) to 'PSA/key_reg[1]'
INFO: [Synth 8-3886] merging instance 'PSA/key_reg[1]' (FDE) to 'PSA/key_reg[2]'
INFO: [Synth 8-3886] merging instance 'PSA/key_reg[2]' (FDE) to 'PSA/key_reg[3]'
INFO: [Synth 8-3886] merging instance 'PSA/key_reg[3]' (FDE) to 'PSA/key_reg[4]'
INFO: [Synth 8-3886] merging instance 'PSA/key_reg[4]' (FDE) to 'PSA/key_reg[5]'
INFO: [Synth 8-3333] propagating constant 0 across sequential element (\PSA/key_reg[5] )
WARNING: [Synth 8-3332] Sequential element (PSA/ping_reg[1]) is unused and will be removed from module Input_module.
WARNING: [Synth 8-3332] Sequential element (PSA/ping_reg[0]) is unused and will be removed from module Input_module.
CRITICAL WARNING: [Synth 8-6859] multi-driven net on pin Q with 1st driver pin 'PSA/ping_reg[1]__0/Q' [C:/Users/reese/OneDrive/Documents/University/EEE4120F/YODA_V2/YODA_V2.srcs/sources_1/imports/sources/PSA.v:62]
CRITICAL WARNING: [Synth 8-6859] multi-driven net on pin Q with 2nd driver pin 'GND' [C:/Users/reese/OneDrive/Documents/University/EEE4120F/YODA_V2/YODA_V2.srcs/sources_1/imports/sources/PSA.v:62]
CRITICAL WARNING: [Synth 8-6858] multi-driven net Q is connected to at least one constant driver which has been preserved, other driver is ignored [C:/Users/reese/OneDrive/Documents/University/EEE4120F/YODA_V2/YODA_V2.srcs/sources_1/imports/sources/PSA.v:62]
CRITICAL WARNING: [Synth 8-6859] multi-driven net on pin Q with 1st driver pin 'PSA/ping_reg[0]__0/Q' [C:/Users/reese/OneDrive/Documents/University/EEE4120F/YODA_V2/YODA_V2.srcs/sources_1/imports/sources/PSA.v:62]
CRITICAL WARNING: [Synth 8-6859] multi-driven net on pin Q with 2nd driver pin 'GND' [C:/Users/reese/OneDrive/Documents/University/EEE4120F/YODA_V2/YODA_V2.srcs/sources_1/imports/sources/PSA.v:62]
CRITICAL WARNING: [Synth 8-6858] multi-driven net Q is connected to at least one constant driver which has been preserved, other driver is ignored [C:/Users/reese/OneDrive/Documents/University/EEE4120F/YODA_V2/YODA_V2.srcs/sources_1/imports/sources/PSA.v:62]
WARNING: [Synth 8-3332] Sequential element (FSM_onehot_seq_reg[6]) is unused and will be removed from module Input_module.
WARNING: [Synth 8-3332] Sequential element (FSM_onehot_seq_reg[0]) is unused and will be removed from module Input_module.
---------------------------------------------------------------------------------
Finished Cross Boundary and Area Optimization : Time (s): cpu = 00:00:20 ; elapsed = 00:00:21 . Memory (MB): peak = 1056.254 ; gain = 417.027
---------------------------------------------------------------------------------

Report RTL Partitions: 
+-+--------------+------------+----------+
| |RTL Partition |Replication |Instances |
+-+--------------+------------+----------+
+-+--------------+------------+----------+
---------------------------------------------------------------------------------
Start Applying XDC Timing Constraints
---------------------------------------------------------------------------------
---------------------------------------------------------------------------------
Finished Applying XDC Timing Constraints : Time (s): cpu = 00:00:29 ; elapsed = 00:00:30 . Memory (MB): peak = 1056.254 ; gain = 417.027
---------------------------------------------------------------------------------
---------------------------------------------------------------------------------
Start Timing Optimization
---------------------------------------------------------------------------------
---------------------------------------------------------------------------------
Finished Timing Optimization : Time (s): cpu = 00:00:30 ; elapsed = 00:00:31 . Memory (MB): peak = 1056.254 ; gain = 417.027
---------------------------------------------------------------------------------

Report RTL Partitions: 
+-+--------------+------------+----------+
| |RTL Partition |Replication |Instances |
+-+--------------+------------+----------+
+-+--------------+------------+----------+
---------------------------------------------------------------------------------
Start Technology Mapping
---------------------------------------------------------------------------------
---------------------------------------------------------------------------------
Finished Technology Mapping : Time (s): cpu = 00:00:30 ; elapsed = 00:00:31 . Memory (MB): peak = 1060.820 ; gain = 421.594
---------------------------------------------------------------------------------

Report RTL Partitions: 
+-+--------------+------------+----------+
| |RTL Partition |Replication |Instances |
+-+--------------+------------+----------+
+-+--------------+------------+----------+
---------------------------------------------------------------------------------
Start IO Insertion
---------------------------------------------------------------------------------
---------------------------------------------------------------------------------
Start Flattening Before IO Insertion
---------------------------------------------------------------------------------
---------------------------------------------------------------------------------
Finished Flattening Before IO Insertion
---------------------------------------------------------------------------------
---------------------------------------------------------------------------------
Start Final Netlist Cleanup
---------------------------------------------------------------------------------
---------------------------------------------------------------------------------
Finished Final Netlist Cleanup
---------------------------------------------------------------------------------
---------------------------------------------------------------------------------
Finished IO Insertion : Time (s): cpu = 00:00:35 ; elapsed = 00:00:36 . Memory (MB): peak = 1067.602 ; gain = 428.375
---------------------------------------------------------------------------------
---------------------------------------------------------------------------------
Start Renaming Generated Instances
---------------------------------------------------------------------------------
---------------------------------------------------------------------------------
Finished Renaming Generated Instances : Time (s): cpu = 00:00:35 ; elapsed = 00:00:36 . Memory (MB): peak = 1067.602 ; gain = 428.375
---------------------------------------------------------------------------------

Report RTL Partitions: 
+-+--------------+------------+----------+
| |RTL Partition |Replication |Instances |
+-+--------------+------------+----------+
+-+--------------+------------+----------+

Report Check Netlist: 
+------+------------------+-------+---------+-------+------------------+
|      |Item              |Errors |Warnings |Status |Description       |
+------+------------------+-------+---------+-------+------------------+
|1     |multi_driven_nets |      0|        0|Passed |Multi driven nets |
+------+------------------+-------+---------+-------+------------------+
---------------------------------------------------------------------------------
Start Rebuilding User Hierarchy
---------------------------------------------------------------------------------
---------------------------------------------------------------------------------
Finished Rebuilding User Hierarchy : Time (s): cpu = 00:00:35 ; elapsed = 00:00:36 . Memory (MB): peak = 1067.602 ; gain = 428.375
---------------------------------------------------------------------------------
---------------------------------------------------------------------------------
Start Renaming Generated Ports
---------------------------------------------------------------------------------
---------------------------------------------------------------------------------
Finished Renaming Generated Ports : Time (s): cpu = 00:00:35 ; elapsed = 00:00:36 . Memory (MB): peak = 1067.602 ; gain = 428.375
---------------------------------------------------------------------------------
---------------------------------------------------------------------------------
Start Handling Custom Attributes
---------------------------------------------------------------------------------
---------------------------------------------------------------------------------
Finished Handling Custom Attributes : Time (s): cpu = 00:00:35 ; elapsed = 00:00:36 . Memory (MB): peak = 1067.602 ; gain = 428.375
---------------------------------------------------------------------------------
---------------------------------------------------------------------------------
Start Renaming Generated Nets
---------------------------------------------------------------------------------
---------------------------------------------------------------------------------
Finished Renaming Generated Nets : Time (s): cpu = 00:00:35 ; elapsed = 00:00:36 . Memory (MB): peak = 1067.602 ; gain = 428.375
---------------------------------------------------------------------------------
---------------------------------------------------------------------------------
Start Writing Synthesis Report
---------------------------------------------------------------------------------

Report BlackBoxes: 
+-+--------------+----------+
| |BlackBox name |Instances |
+-+--------------+----------+
+-+--------------+----------+

Report Cell Usage: 
+------+-------+------+
|      |Cell   |Count |
+------+-------+------+
|1     |BUFG   |     1|
|2     |CARRY4 |    21|
|3     |LUT1   |     1|
|4     |LUT2   |    50|
|5     |LUT3   |    21|
|6     |LUT4   |    26|
|7     |LUT5   |    25|
|8     |LUT6   |    68|
|9     |FDRE   |   162|
|10    |FDSE   |     5|
|11    |IBUF   |    21|
|12    |OBUF   |    30|
+------+-------+------+

Report Instance Areas: 
+------+-----------------+--------------+------+
|      |Instance         |Module        |Cells |
+------+-----------------+--------------+------+
|1     |top              |              |   431|
|2     |  DebounceC      |DebounceBTN   |    31|
|3     |  DebounceL      |DebounceBTN_0 |    33|
|4     |  DebounceR      |DebounceBTN_1 |    73|
|5     |  DebounceU      |DebounceBTN_2 |    81|
|6     |  DisplayDriver0 |DisplayDriver |    13|
|7     |  pwm            |PWM           |    31|
+------+-----------------+--------------+------+
---------------------------------------------------------------------------------
Finished Writing Synthesis Report : Time (s): cpu = 00:00:35 ; elapsed = 00:00:36 . Memory (MB): peak = 1067.602 ; gain = 428.375
---------------------------------------------------------------------------------
Synthesis finished with 0 errors, 6 critical warnings and 6 warnings.
Synthesis Optimization Runtime : Time (s): cpu = 00:00:25 ; elapsed = 00:00:33 . Memory (MB): peak = 1067.602 ; gain = 319.902
Synthesis Optimization Complete : Time (s): cpu = 00:00:35 ; elapsed = 00:00:36 . Memory (MB): peak = 1067.602 ; gain = 428.375
INFO: [Project 1-571] Translating synthesized netlist
Netlist sorting complete. Time (s): cpu = 00:00:00 ; elapsed = 00:00:00.008 . Memory (MB): peak = 1078.152 ; gain = 0.000
INFO: [Netlist 29-17] Analyzing 21 Unisim elements for replacement
INFO: [Netlist 29-28] Unisim Transformation completed in 0 CPU seconds
INFO: [Project 1-570] Preparing netlist for logic optimization
INFO: [Opt 31-138] Pushed 0 inverter(s) to 0 load pin(s).
Netlist sorting complete. Time (s): cpu = 00:00:00 ; elapsed = 00:00:00 . Memory (MB): peak = 1078.152 ; gain = 0.000
INFO: [Project 1-111] Unisim Transformation Summary:
No Unisim elements were transformed.

INFO: [Common 17-83] Releasing license: Synthesis
144 Infos, 109 Warnings, 6 Critical Warnings and 0 Errors encountered.
synth_design completed successfully
synth_design: Time (s): cpu = 00:00:41 ; elapsed = 00:00:43 . Memory (MB): peak = 1078.152 ; gain = 747.156
Netlist sorting complete. Time (s): cpu = 00:00:00 ; elapsed = 00:00:00 . Memory (MB): peak = 1078.152 ; gain = 0.000
WARNING: [Constraints 18-5210] No constraints selected for write.
Resolution: This message can indicate that there are no constraints for the design, or it can indicate that the used_in flags are set such that the constraints are ignored. This later case is used when running synth_design to not write synthesis constraints to the resulting checkpoint. Instead, project constraints are read when the synthesized design is opened.
INFO: [Common 17-1381] The checkpoint 'C:/Users/reese/OneDrive/Documents/University/EEE4120F/YODA_V2/YODA_V2.runs/synth_1/Input_module.dcp' has been generated.
INFO: [runtcl-4] Executing : report_utilization -file Input_module_utilization_synth.rpt -pb Input_module_utilization_synth.pb
INFO: [Common 17-206] Exiting Vivado at Sat Jun 27 23:15:12 2020...
